commit cfb02e9e14ca62770dc4ebdaa0d23ac2308865c8
Author: ipratikpatel <ipratikpatel@gmail.com>
Date:   Fri Nov 8 20:30:20 2013 -0600

    Pulled 5 people's test and added to mine

commit f3621b0540b6c2ef3290e57e3a1f92addd8f2ceb
Author: ipratikpatel <ipratikpatel@gmail.com>
Date:   Fri Nov 8 17:04:40 2013 -0600

    Got my RunDarwin.c++ done

commit 9a2e259c8c545715731200bc032d3cfc3d319907
Author: ipratikpatel <ipratikpatel@gmail.com>
Date:   Fri Nov 8 16:48:34 2013 -0600

    Fixed the bug in left and right

commit e5120e006bd871bac68764f43340af9df733eed6
Author: ipratikpatel <ipratikpatel@gmail.com>
Date:   Fri Nov 8 07:13:25 2013 -0600

    Fixed couple of bugs in the code

commit e87f385c6763c0b417eed6e56359745f61da049b
Merge: 96eaabc 6a192e4
Author: ipratikpatel <ipratikpatel@gmail.com>
Date:   Fri Nov 8 03:07:15 2013 -0600

    Git conflict

commit 96eaabcb4ebe193fe7966a951c2b6c3179dfa7a3
Author: ipratikpatel <ipratikpatel@gmail.com>
Date:   Fri Nov 8 03:02:01 2013 -0600

    Adding Darwin.h file

commit 6a192e4ea61518aab332b21f100c464e80b32c7f
Author: ipratikpatel <pratik.patelak47@gmail.com>
Date:   Fri Nov 8 02:19:46 2013 -0600

    Delete Darwin.h

commit 79e8e5639c662fc8b12a569c3eba309ea69e8a3b
Author: ipratikpatel <ipratikpatel@gmail.com>
Date:   Fri Nov 8 02:17:08 2013 -0600

    Mostly implemented my idea but crazy bug

commit b033ce20f5337d45c1e03e2114b068cc8024c974
Author: ipratikpatel <pratik.patelak47@gmail.com>
Date:   Tue Nov 5 13:48:55 2013 -0800

    Initial commit
