*** Darwin 8x8 ***
Turn : 0
  01234567
0 f.......
1 ........
2 ........
3 ...hh...
4 ...hh...
5 ........
6 ........
7 .......f

Turn : 1
  01234567
0 f.......
1 ........
2 ...h....
3 .....h..
4 ..h.....
5 ....h...
6 ........
7 .......f

Turn : 2
  01234567
0 f.......
1 ...h....
2 ........
3 ......h.
4 .h......
5 ........
6 ....h...
7 .......f

Turn : 3
  01234567
0 f..h....
1 ........
2 ........
3 .......h
4 h.......
5 ........
6 ........
7 ....h..f

Turn : 4
  01234567
0 f..h....
1 ........
2 ........
3 .......h
4 h.......
5 ........
6 ........
7 ....h..f

Turn : 5
  01234567
0 f..h....
1 ........
2 ........
3 .......h
4 h.......
5 ........
6 ........
7 ....h..f

*** Darwin 7x9 ***
Turn = 0.
  012345678
0 t........
1 .........
2 .........
3 ..h......
4 .........
5 ....r....
6 ........t

Turn = 1.
  012345678
0 t........
1 .........
2 .........
3 ...h.....
4 ....r....
5 .........
6 ........t

Turn = 2.
  012345678
0 t........
1 .........
2 .........
3 ....r....
4 ....r....
5 .........
6 ........t

Turn = 3.
  012345678
0 t........
1 .........
2 .........
3 ....rr...
4 .........
5 .........
6 ........t

Turn = 4.
  012345678
0 t........
1 .........
2 ....r....
3 ......r..
4 .........
5 .........
6 ........t

Turn = 5.
  012345678
0 t........
1 ....r....
2 .........
3 .......r.
4 .........
5 .........
6 ........t

*** Darwin 72x72 without Best ***
Turn = 0.  01234567891011121314151617181920212223242526272829303132333435363738394041424344454647484950515253545556575859606162636465666768697071
0 .................................t..........................f...........
1 ...................r....................................................
2 ........................................................................
3 ......................................t.................................
4 ........................................................................
5 ........................................................................
6 ........................................................................
7 ........................................................................
8 ..............r.........................................................
9 ........................................................................
10 ........................................................................
11 ....................................t...................................
12 ....................................................f...................
13 ..t.....................................................................
14 ........................................................................
15 ........................................................................
16 ........................................................................
17 ........................................................................
18 ........................................................................
19 ........................................................................
20 ...........r.........................................................r..
21 ...........................................................f............
22 ........................................................................
23 ......................................................................t.
24 ........................................................................
25 ......................................................t.................
26 ........................................................................
27 ........................................................................
28 .........................................h..............................
29 ........................................................................
30 ......................................................h.................
31 ........................................................................
32 ........................................................................
33 .....h..................................................................
34 ........................................................................
35 ...............h........................................................
36 ........................................................................
37 ........................................................................
38 ........................................................................
39 ...................................h....................................
40 ........................................................................
41 ........................................................................
42 ........................................................................
43 .............................................r..........................
44 .........f..............................................................
45 ........................................................................
46 .......................................................f................
47 ...................................................t..........h.........
48 ........................................................................
49 ........................................................................
50 ..............r.........................................................
51 ....................................................................t...
52 ...................h...............................................h....
53 ........................................................................
54 .............................r..........................................
55 ................................r.......................................
56 ..........f.......................................f.....................
57 .................................f................f.....................
58 ........................................................................
59 ........................................................................
60 ........................................................................
61 ............................................r...........................
62 .h......................................................................
63 ........................................................t...............
64 ........................................................................
65 ........................................................................
66 .................................................t......................
67 ........................................................................
68 ........................................................................
69 .........................................f..............................
70 ....r.........................................................h.........
71 ........................................................................

Turn = 100.  01234567891011121314151617181920212223242526272829303132333435363738394041424344454647484950515253545556575859606162636465666768697071
0 ..................r..............t.......h..................f.h....h....
1 ........................................................................
2 ........................................................................
3 ......................................t.................................
4 r.......................................................................
5 ........................................................................
6 ........................................................................
7 ........................................................................
8 ........................................................................
9 ........................................................................
10 r.......................................................................
11 ....................................t...................................
12 ....................................................f...................
13 r.t.....................................................................
14 ........................................................................
15 ........................................................................
16 ........................................................................
17 ........................................................................
18 ........................................................................
19 ........................................................................
20 ........................................................................
21 r..........................................................f............
22 ........................................................................
23 ......................................................................t.
24 ........................................................................
25 ......................................................t.................
26 .r....................................................t.................
27 ........................................................................
28 ........................................................................
29 .......................................................................r
30 ........................................................................
31 ........................................................................
32 ........................................................................
33 ........................................................................
34 ...................................................................r....
35 ...................................................................r....
36 r.......................................................................
37 ........................................................................
38 ........................................................................
39 ........................................................................
40 ........................................................................
41 ........................................................................
42 ........................................................................
43 ........................................................................
44 .........f..............................................................
45 .............................r..........................................
46 .......................................................f................
47 ...................................................t....................
48 ........................................................................
49 ........................................................................
50 ........................................................................
51 ....................................................................t...
52 ........................................................................
53 ........................................................................
54 ........................................................................
55 r.......................................................................
56 ..........f.......................................f.....................
57 .................................f................f.....................
58 ........................................................................
59 ........................................................................
60 ........................................................................
61 r.......................................................................
62 ........................................................................
63 ........................................................t...............
64 ........................................................................
65 ...........r...........................................................r
66 .................................................t......................
67 r.......................................................................
68 ........................................................................
69 .........................................f..............................
70 ........................................................................
71 ........................................................................

Turn = 200.  01234567891011121314151617181920212223242526272829303132333435363738394041424344454647484950515253545556575859606162636465666768697071
0 ..................r..........r...t.....r................................
1 ........................................................................
2 ..........................................r.............................
3 ......................................t.................................
4 r.......................................................................
5 ........................................................................
6 ........................................................................
7 ........................................................................
8 ........................................................................
9 ........................................................................
10 ........................................................................
11 t...................................t...................................
12 tt..................................................f...................
13 ..t.....................................................................
14 ........................................................................
15 ........................................................................
16 r.......................................................................
17 ........................................................................
18 ........................................................................
19 ........................................................................
20 r.......................................................................
21 ...........................................................f............
22 r............................................................r..........
23 ......................................................................t.
24 ........................................................................
25 ......................................................t.................
26 ......................................................t.................
27 ........................................................................
28 ........................................................................
29 ........................................................................
30 ........................................................................
31 ........................................................................
32 ........................................................................
33 ........................................................................
34 ...........r............................................................
35 ........................................................................
36 r.......................................................................
37 ........................................................................
38 ........................................................................
39 ........................................................................
40 ........................................................................
41 ........................................................................
42 ........................................................................
43 ........................................................................
44 .........f..............................................................
45 ........................................................................
46 .......................................................f................
47 ...................................................t....................
48 ........................................................................
49 ........................................................................
50 ....................................................................t...
51 ....................................................................t...
52 ........................................................................
53 ........................................................................
54 r.......................................................................
55 ........................................................................
56 ..........f.......................................f.....................
57 .................................f................f.....................
58 ........................................................................
59 ..............................................................rr........
60 ........................................................................
61 r.......................................................................
62 ........................................................................
63 ........................................................t...............
64 ........................................................................
65 ........................................................................
66 r................................................t......................
67 ........................................................................
68 ........................................................................
69 .........................................f..............................
70 ........................................................................
71 ........................................................................

Turn = 300.  01234567891011121314151617181920212223242526272829303132333435363738394041424344454647484950515253545556575859606162636465666768697071
0 ..................r...............................r..r..................
1 ........................................................................
2 ........................................................................
3 ......................................t.................................
4 r.......................................................................
5 ........................................................................
6 ........................................................................
7 ........................................................................
8 ........................................................................
9 ...........r............................................................
10 ........................................................................
11 t...................................t...................................
12 tt..................................................f...................
13 t.t.....................................................................
14 t.......................................................................
15 ........................................................................
16 ........................................................................
17 ........................................................................
18 ........................................................................
19 ........................................................................
20 ........................................................................
21 ...........................................................f.r..........
22 ........................................................................
23 ......................................................................t.
24 ........................................................................
25 r.....................................................t.................
26 ......................................................t.................
27 ........................................................................
28 ........................................................................
29 ........................................................................
30 ........................................................................
31 ........................................................................
32 ........................................................................
33 ........................................................................
34 ........................................................................
35 ........................................................................
36 r.......................................................................
37 ........................................................................
38 ........................................................................
39 ........................................................................
40 ........................................................................
41 ........................................................................
42 ........................................................................
43 ..........................................r.............................
44 .........f..............................................................
45 ........................................................................
46 .......................................................f................
47 ...................................................t....................
48 ........................................................................
49 ........................................................................
50 r.................................r.................................t...
51 ....................................................................t...
52 ........................................................................
53 ........................................................................
54 ........................................................................
55 ........................................................................
56 ..........f.......................................f.....................
57 .................................f................f.....................
58 ........................................................................
59 ........................................................................
60 ........................................................................
61 r.......................................................................
62 ........................................................................
63 ........................................................t...............
64 ...................r....................................................
65 ........................................................................
66 r................................................t......................
67 ........................................................................
68 ........................................................................
69 .........................................f..............................
70 ........................................................................
71 ............r...........................................................

Turn = 400.  01234567891011121314151617181920212223242526272829303132333435363738394041424344454647484950515253545556575859606162636465666768697071
0 ..................r.....................................................
1 ........................................................................
2 ........................................................................
3 ......................................t.................................
4 r.......................................................................
5 ........................................................................
6 ........................................................................
7 ........................................................................
8 ........................................................................
9 ........................................................................
10 ........................................................................
11 t...................................t...................................
12 tt..................................................f...................
13 t.t.....................................................................
14 t.......................................................................
15 ........................................................................
16 ........................................................................
17 ........................................................................
18 ........................................................................
19 ........................................................................
20 ........................................................................
21 r..........................................................f............
22 ........................................................................
23 r.....................................................................t.
24 ........................................................................
25 ......................................................t.................
26 ......................................................t.................
27 ........................................................................
28 ........................................................................
29 ........................................................................
30 ........................................................................
31 ........................................................................
32 ...................r....................................................
33 ........................................................................
34 ........................................................................
35 ...................r....................................................
36 r.......................................................................
37 ........................................................................
38 ........................................................................
39 ........................................................................
40 ........................................................................
41 ........................................................................
42 ........................................................................
43 ........................................................................
44 .........f..............................................................
45 ........................................................................
46 .......................................................f................
47 ...................................................t....................
48 ........................................................................
49 r.................................r.....................................
50 ....................................................................t...
51 ....................................................................t...
52 ........................................................................
53 ...........r............................................................
54 ........................................................................
55 ........................................................................
56 ..........f.......................................f.....................
57 .................................f................f.....................
58 ........................................................................
59 ........................................................................
60 ........................................................................
61 r.......................................................................
62 ........................................................................
63 ........................................................t...............
64 ...................r....................................................
65 ........................................................................
66 ...................r.............................t......................
67 r.......................................................................
68 ........................................................................
69 .........................................f..............................
70 ........................................................................
71 r.......................................................................

Turn = 500.  01234567891011121314151617181920212223242526272829303132333435363738394041424344454647484950515253545556575859606162636465666768697071
0 ..................r...........r.........................................
1 ........................................................................
2 ........................................................................
3 ......................................t.................................
4 r.......................................................................
5 ........................................................................
6 ........................................................................
7 ...................r....................................................
8 ........................................................................
9 ...................r....................................................
10 ........................................................................
11 t...................................t...................................
12 tt..................................................f...................
13 ttt.....................................................................
14 t.......................................................................
15 t.......................................................................
16 t.......................................................................
17 ........................................................................
18 ........................................................................
19 ........................................................................
20 ........................................................................
21 ...........................................................f............
22 ........................................................................
23 ......................................................................t.
24 ........................................................................
25 ......................................................t.................
26 ......................................................t.................
27 ........................................................................
28 ........................................................................
29 ........................................................................
30 ........................................................................
31 ........................................................................
32 ........................................................................
33 ........................................................................
34 ........................................................................
35 ........................................................................
36 r.......................................................................
37 ........................................................................
38 ........................................................................
39 ........................................................................
40 ........................................................................
41 ........................................................................
42 ........................................................................
43 ........................................................................
44 .........f..............................................................
45 ........................................................................
46 r..........r...........................................f................
47 ...................................................t....................
48 ........................................................................
49 ........................................................................
50 ....................................................................t...
51 ....................................................................t...
52 ........................................................................
53 ........................................................................
54 ........................................................................
55 ........................................................................
56 ..........f.......................................f.....................
57 .................................f................f.....................
58 ........................................................................
59 ........................................................................
60 ........................................................................
61 r.......................................................................
62 r.......................................................................
63 ........................................................t...............
64 ........................................................................
65 ........................................................................
66 .................................................t......................
67 r.......................................................................
68 ........................................................................
69 .........................................f..............................
70 ........................................................................
71 r.......................................................................

Turn = 600.  01234567891011121314151617181920212223242526272829303132333435363738394041424344454647484950515253545556575859606162636465666768697071
0 ...........r......r.....................................................
1 ........................................................................
2 ........................................................................
3 ......................................t.................................
4 r.......................................................................
5 ........................................................................
6 ........................................................................
7 ........................................................................
8 ........................................................................
9 ........................................................................
10 ........................................................................
11 t...................................t...................................
12 tt..................................................f...................
13 ttt.....................................................................
14 t.......................................................................
15 t.......................................................................
16 t.......................................................................
17 ........................................................................
18 ........................................................................
19 ........................................................................
20 ........................................................................
21 ...........................................................f............
22 ........................................................................
23 ......................................................................t.
24 ........................................................................
25 ......................................................t.................
26 ......................................................t.................
27 ........................................................................
28 ........................................................................
29 ........................................................................
30 ........................................................................
31 ........................................................................
32 ........................................................................
33 ........................................................................
34 ........................................................................
35 ........................................................................
36 r.......................................................................
37 ........................................................................
38 ........................................................................
39 ........................................................................
40 ........................................................................
41 ........................................................................
42 ........................................................................
43 r.......................................................................
44 .........f..............................................................
45 ........................................................................
46 .......................................................f................
47 ...................................................t....................
48 ........................................................................
49 ........................................................................
50 ....................................................................t...
51 ...................r................................................t...
52 ...................r....................................................
53 ........................................................................
54 ........................................................................
55 ........................................................................
56 ..........f.......................................f.....................
57 .................................f................f.....................
58 ........................................................................
59 ........................................................................
60 ........................................................................
61 r.......................................................................
62 ........................................................................
63 ........................................................t...............
64 r.......................................................................
65 r.......................................................................
66 .................................................t......................
67 r.......................................................................
68 ........................................................................
69 .........................................f..............................
70 ........................................................................
71 r.......................................................................

Turn = 700.  01234567891011121314151617181920212223242526272829303132333435363738394041424344454647484950515253545556575859606162636465666768697071
0 r.................r.....................................................
1 ........................................................................
2 ........................................................................
3 ......................................t.................................
4 r.......................................................................
5 ........................................................................
6 ........................................................................
7 ........................................................................
8 ........................................................................
9 ........................................................................
10 ........................................................................
11 t...................................t...................................
12 tt..................................................f...................
13 ttt.....................................................................
14 t.......................................................................
15 t.......................................................................
16 t.......................................................................
17 ........................................................................
18 ........................................................................
19 ........................................................................
20 ........................................................................
21 ...........................................................f............
22 ........................................................................
23 ......................................................................t.
24 ........................................................................
25 ......................................................t.................
26 ......................................................t.................
27 ........................................................................
28 ........................................................................
29 ........................................................................
30 ........................................................................
31 ........................................................................
32 ........................................................................
33 ........................................................................
34 ........................................................................
35 ........................................................................
36 r.......................................................................
37 ........................................................................
38 ........................................................................
39 ........................................................................
40 r.......................................................................
41 ........................................................................
42 ........................................................................
43 ...........r............................................................
44 .........f..............................................................
45 ........................................................................
46 .......................................................f................
47 ...................r...............................t....................
48 ........................................................................
49 ........................................................................
50 ....................................................................t...
51 ....................................................................t...
52 ........................................................................
53 ........................................................................
54 ........................................................................
55 ........................................................................
56 ..........f.......................................f.....................
57 .................................f................f.....................
58 ........................................................................
59 ........................................................................
60 ........................................................................
61 r.......................................................................
62 r.......................................................................
63 ........................................................t...............
64 ........................................................................
65 r.......................................................................
66 .................................................t......................
67 ........................................................................
68 ........................................................................
69 r........................................f..............................
70 ........................................................................
71 r.......................................................................

Turn = 800.  01234567891011121314151617181920212223242526272829303132333435363738394041424344454647484950515253545556575859606162636465666768697071
0 r.................r.....................................................
1 r.......................................................................
2 ........................................................................
3 ......................................t.................................
4 r.......................................................................
5 ........................................................................
6 ........................................................................
7 ...................r....................................................
8 ........................................................................
9 ........................................................................
10 ........................................................................
11 t...................................t...................................
12 tt..................................................f...................
13 ttt.....................................................................
14 t.......................................................................
15 t.......................................................................
16 t.......................................................................
17 ........................................................................
18 ........................................................................
19 ........................................................................
20 ........................................................................
21 ...........................................................f............
22 ........................................................................
23 ......................................................................t.
24 ........................................................................
25 ......................................................t.................
26 ......................................................t.................
27 ........................................................................
28 ........................................................................
29 ........................................................................
30 ........................................................................
31 ........................................................................
32 ........................................................................
33 ........................................................................
34 ........................................................................
35 ........................................................................
36 r.......................................................................
37 ........................................................................
38 ........................................................................
39 ........................................................................
40 ........................................................................
41 ........................................................................
42 ........................................................................
43 ........................................................................
44 .........f..............................................................
45 r.......................................................................
46 .......................................................f................
47 ...................................................t....................
48 ........................................................................
49 ........................................................................
50 ....................................................................t...
51 ....................................................................t...
52 ........................................................................
53 ........................................................................
54 ........................................................................
55 ........................................................................
56 ..........f.......................................f.....................
57 .................................f................f.....................
58 ........................................................................
59 ........................................................................
60 ........................................................................
61 r.......................................................................
62 ........................................................................
63 ........................................................t...............
64 ........................................................................
65 r.......................................................................
66 .................................................t......................
67 r.......................................................................
68 ........................................................................
69 r........................................f..............................
70 ........................................................................
71 r.......................................................................

Turn = 900.  01234567891011121314151617181920212223242526272829303132333435363738394041424344454647484950515253545556575859606162636465666768697071
0 r.................r.....................................................
1 ........................................................................
2 r.......................................................................
3 ......................................t.................................
4 r.......................................................................
5 ........................................................................
6 ........................................................................
7 ........................................................................
8 ........................................................................
9 ........................................................................
10 ........................................................................
11 t...................................t...................................
12 tt..................................................f...................
13 ttt.....................................................................
14 t.......................................................................
15 t.......................................................................
16 t.......................................................................
17 ........................................................................
18 ........................................................................
19 ........................................................................
20 ........................................................................
21 ...........................................................f............
22 ........................................................................
23 ......................................................................t.
24 ........................................................................
25 ......................................................t.................
26 ......................................................t.................
27 ........................................................................
28 ........................................................................
29 ........................................................................
30 ........................................................................
31 ........................................................................
32 ........................................................................
33 ........................................................................
34 ........................................................................
35 ........................................................................
36 r.......................................................................
37 ........................................................................
38 ........................................................................
39 ........................................................................
40 ........................................................................
41 ........................................................................
42 r.......................................................................
43 ........................................................................
44 .........f..............................................................
45 ........................................................................
46 .......................................................f................
47 ...................................................t....................
48 ........................................................................
49 ........................................................................
50 ....................................................................t...
51 ....................................................................t...
52 ...................r....................................................
53 ........................................................................
54 ........................................................................
55 ........................................................................
56 ..........f.......................................f.....................
57 .................................f................f.....................
58 ........................................................................
59 ........................................................................
60 ........................................................................
61 r.......................................................................
62 ........................................................................
63 r.......................................................t...............
64 ........................................................................
65 ........................................................................
66 .................................................t......................
67 r.......................................................................
68 ........................................................................
69 r........................................f..............................
70 ........................................................................
71 r.......................................................................

Turn = 1000.  01234567891011121314151617181920212223242526272829303132333435363738394041424344454647484950515253545556575859606162636465666768697071
0 ..................r.....................................................
1 r.......................................................................
2 r.......................................................................
3 ......................................t.................................
4 r.......................................................................
5 ........................................................................
6 ........................................................................
7 ........................................................................
8 ........................................................................
9 ........................................................................
10 ........................................................................
11 t...................................t...................................
12 tt..................................................f...................
13 ttt.....................................................................
14 t.......................................................................
15 t.......................................................................
16 t.......................................................................
17 ........................................................................
18 ........................................................................
19 ........................................................................
20 ........................................................................
21 ...........................................................f............
22 ........................................................................
23 ......................................................................t.
24 ........................................................................
25 ......................................................t.................
26 ......................................................t.................
27 ........................................................................
28 ........................................................................
29 ........................................................................
30 ........................................................................
31 ........................................................................
32 ........................................................................
33 ........................................................................
34 ........................................................................
35 ........................................................................
36 r.......................................................................
37 ........................................................................
38 ........................................................................
39 ........................................................................
40 ........................................................................
41 ........................................................................
42 r.......................................................................
43 ........................................................................
44 .........f..............................................................
45 ........................................................................
46 ...................r...................................f................
47 ...................................................t....................
48 ........................................................................
49 ........................................................................
50 ....................................................................t...
51 ....................................................................t...
52 ........................................................................
53 ........................................................................
54 ........................................................................
55 ........................................................................
56 ..........f.......................................f.....................
57 .................................f................f.....................
58 ........................................................................
59 ........................................................................
60 ........................................................................
61 r.......................................................................
62 r.......................................................................
63 ........................................................t...............
64 ........................................................................
65 ........................................................................
66 .................................................t......................
67 r.......................................................................
68 ........................................................................
69 r........................................f..............................
70 ........................................................................
71 r.......................................................................

*** Darwin 72x72 with Best ***
